{"/Users/jonahss/Workspace/appium-support/index.js":{"path":"/Users/jonahss/Workspace/appium-support/index.js","s":{"1":1,"2":1,"3":1,"4":1,"5":4,"6":4,"7":0,"8":0,"9":0,"10":0,"11":0,"12":0,"13":0,"14":1,"15":1,"16":1,"17":1,"18":1,"19":1,"20":1,"21":1,"22":1,"23":1,"24":1,"25":1,"26":1},"b":{"1":[0,1],"2":[1,1],"3":[4,0],"4":[4,4],"5":[0,0],"6":[0,0]},"f":{"1":1,"2":4},"fnMap":{"1":{"line":7,"loc":{"start":{"line":0,"column":0},"end":{"line":0,"column":0}},"name":"_interopRequireDefault","skip":true},"2":{"line":9,"loc":{"start":{"line":0,"column":0},"end":{"line":0,"column":0}},"name":"_interopRequireWildcard","skip":true}},"statementMap":{"1":{"start":{"line":0,"column":0},"end":{"line":0,"column":0},"skip":true},"2":{"start":{"line":0,"column":0},"end":{"line":0,"column":0},"skip":true},"3":{"start":{"line":0,"column":0},"end":{"line":0,"column":0},"skip":true},"4":{"start":{"line":0,"column":0},"end":{"line":0,"column":0},"skip":true},"5":{"start":{"line":0,"column":0},"end":{"line":0,"column":0},"skip":true},"6":{"start":{"line":0,"column":0},"end":{"line":0,"column":0},"skip":true},"7":{"start":{"line":0,"column":0},"end":{"line":0,"column":0},"skip":true},"8":{"start":{"line":0,"column":0},"end":{"line":0,"column":0},"skip":true},"9":{"start":{"line":0,"column":0},"end":{"line":0,"column":0},"skip":true},"10":{"start":{"line":0,"column":0},"end":{"line":0,"column":0},"skip":true},"11":{"start":{"line":0,"column":0},"end":{"line":0,"column":0},"skip":true},"12":{"start":{"line":0,"column":0},"end":{"line":0,"column":0},"skip":true},"13":{"start":{"line":0,"column":0},"end":{"line":0,"column":0},"skip":true},"14":{"start":{"line":0,"column":0},"end":{"line":0,"column":0},"skip":true},"15":{"start":{"line":0,"column":0},"end":{"line":0,"column":0},"skip":true},"16":{"start":{"line":0,"column":0},"end":{"line":0,"column":0},"skip":true},"17":{"start":{"line":0,"column":0},"end":{"line":0,"column":0},"skip":true},"18":{"start":{"line":0,"column":0},"end":{"line":0,"column":0},"skip":true},"19":{"start":{"line":0,"column":0},"end":{"line":0,"column":0},"skip":true},"20":{"start":{"line":0,"column":0},"end":{"line":0,"column":0},"skip":true},"21":{"start":{"line":0,"column":0},"end":{"line":0,"column":0},"skip":true},"22":{"start":{"line":0,"column":0},"end":{"line":0,"column":0},"skip":true},"23":{"start":{"line":0,"column":0},"end":{"line":0,"column":0},"skip":true},"24":{"start":{"line":0,"column":0},"end":{"line":0,"column":0},"skip":true},"25":{"start":{"line":0,"column":0},"end":{"line":0,"column":0},"skip":true},"26":{"start":{"line":0,"column":0},"end":{"line":0,"column":0},"skip":true}},"branchMap":{"1":{"line":7,"type":"cond-expr","locations":[{"start":{"line":0,"column":0},"end":{"line":0,"column":0},"skip":true},{"start":{"line":0,"column":0},"end":{"line":0,"column":0},"skip":true}]},"2":{"line":7,"type":"binary-expr","locations":[{"start":{"line":0,"column":0},"end":{"line":0,"column":0},"skip":true},{"start":{"line":0,"column":0},"end":{"line":0,"column":0},"skip":true}]},"3":{"line":9,"type":"if","locations":[{"start":{"line":0,"column":0},"end":{"line":0,"column":0},"skip":true},{"start":{"line":0,"column":0},"end":{"line":0,"column":0},"skip":true}]},"4":{"line":9,"type":"binary-expr","locations":[{"start":{"line":0,"column":0},"end":{"line":0,"column":0},"skip":true},{"start":{"line":0,"column":0},"end":{"line":0,"column":0},"skip":true}]},"5":{"line":9,"type":"if","locations":[{"start":{"line":0,"column":0},"end":{"line":0,"column":0},"skip":true},{"start":{"line":0,"column":0},"end":{"line":0,"column":0},"skip":true}]},"6":{"line":9,"type":"if","locations":[{"start":{"line":0,"column":0},"end":{"line":0,"column":0},"skip":true},{"start":{"line":0,"column":0},"end":{"line":0,"column":0},"skip":true}]}}},"/Users/jonahss/Workspace/appium-support/lib/tempdir.js":{"path":"/Users/jonahss/Workspace/appium-support/lib/tempdir.js","s":{"1":1,"2":1,"3":5,"4":1,"5":1,"6":1,"7":1,"8":1,"9":1,"10":1,"11":1,"12":1,"13":1,"14":1,"15":1,"16":6,"17":6,"18":12,"19":12,"20":6,"21":6,"22":6,"23":6,"24":6,"25":1,"26":2,"27":2,"28":6,"29":6,"30":2,"31":2,"32":2,"33":2,"34":2,"35":2,"36":2,"37":1,"38":1,"39":1,"40":4,"41":4,"42":1,"43":1,"44":1,"45":1,"46":1,"47":1,"48":1,"49":1,"50":0,"51":0,"52":0,"53":1,"54":1,"55":2,"56":2,"57":2,"58":0,"59":0,"60":2,"61":2,"62":0,"63":0,"64":2,"65":1,"66":1,"67":1,"68":2,"69":4,"70":4,"71":2,"72":2,"73":1,"74":1,"75":1,"76":1},"b":{"1":[0,5],"2":[5,5],"3":[6,0,6],"4":[2,2,0,2],"5":[1,1,1,0,0,1],"6":[2,0],"7":[0,2,0],"8":[2,0,2]},"f":{"1":5,"2":6,"3":12,"4":2,"5":6,"6":1,"7":4,"8":2,"9":2,"10":4},"fnMap":{"1":{"line":8,"loc":{"start":{"line":0,"column":0},"end":{"line":0,"column":0}},"name":"_interopRequireDefault","skip":true},"2":{"line":32,"loc":{"start":{"line":10,"column":0},"end":{"line":10,"column":22}},"name":"tempDir"},"3":{"line":34,"loc":{"start":{"line":0,"column":0},"end":{"line":0,"column":0}},"name":"tempDir$","skip":true},"4":{"line":53,"loc":{"start":{"line":25,"column":0},"end":{"line":25,"column":46}},"name":"path"},"5":{"line":55,"loc":{"start":{"line":0,"column":0},"end":{"line":0,"column":0}},"name":"path$","skip":true},"6":{"line":74,"loc":{"start":{"line":32,"column":0},"end":{"line":32,"column":28}},"name":"open"},"7":{"line":76,"loc":{"start":{"line":0,"column":0},"end":{"line":0,"column":0}},"name":"open$","skip":true},"8":{"line":105,"loc":{"start":{"line":44,"column":0},"end":{"line":44,"column":50}},"name":"parseAffixes"},"9":{"line":127,"loc":{"start":{"line":66,"column":0},"end":{"line":66,"column":24}},"name":"staticDir"},"10":{"line":128,"loc":{"start":{"line":0,"column":0},"end":{"line":0,"column":0}},"name":"staticDir$","skip":true}},"statementMap":{"1":{"start":{"line":0,"column":0},"end":{"line":0,"column":0},"skip":true},"2":{"start":{"line":0,"column":0},"end":{"line":0,"column":0},"skip":true},"3":{"start":{"line":0,"column":0},"end":{"line":0,"column":0},"skip":true},"4":{"start":{"line":0,"column":0},"end":{"line":0,"column":0},"skip":true},"5":{"start":{"line":0,"column":0},"end":{"line":0,"column":0},"skip":true},"6":{"start":{"line":0,"column":0},"end":{"line":0,"column":0},"skip":true},"7":{"start":{"line":0,"column":0},"end":{"line":0,"column":0},"skip":true},"8":{"start":{"line":0,"column":0},"end":{"line":0,"column":0},"skip":true},"9":{"start":{"line":0,"column":0},"end":{"line":0,"column":0},"skip":true},"10":{"start":{"line":0,"column":0},"end":{"line":0,"column":0},"skip":true},"11":{"start":{"line":0,"column":0},"end":{"line":0,"column":0},"skip":true},"12":{"start":{"line":0,"column":0},"end":{"line":0,"column":0},"skip":true},"13":{"start":{"line":0,"column":0},"end":{"line":0,"column":0},"skip":true},"14":{"start":{"line":8,"column":0},"end":{"line":8,"column":74}},"15":{"start":{"line":10,"column":0},"end":{"line":23,"column":1}},"16":{"start":{"line":0,"column":0},"end":{"line":0,"column":0},"skip":true},"17":{"start":{"line":0,"column":0},"end":{"line":0,"column":0},"skip":true},"18":{"start":{"line":0,"column":0},"end":{"line":0,"column":0},"skip":true},"19":{"start":{"line":0,"column":0},"end":{"line":0,"column":0},"skip":true},"20":{"start":{"line":11,"column":6},"end":{"line":11,"column":22}},"21":{"start":{"line":12,"column":6},"end":{"line":17,"column":61}},"22":{"start":{"line":20,"column":2},"end":{"line":20,"column":21}},"23":{"start":{"line":0,"column":0},"end":{"line":0,"column":0},"skip":true},"24":{"start":{"line":0,"column":0},"end":{"line":0,"column":0},"skip":true},"25":{"start":{"line":25,"column":0},"end":{"line":30,"column":1}},"26":{"start":{"line":0,"column":0},"end":{"line":0,"column":0},"skip":true},"27":{"start":{"line":0,"column":0},"end":{"line":0,"column":0},"skip":true},"28":{"start":{"line":0,"column":0},"end":{"line":0,"column":0},"skip":true},"29":{"start":{"line":0,"column":0},"end":{"line":0,"column":0},"skip":true},"30":{"start":{"line":26,"column":6},"end":{"line":26,"column":55}},"31":{"start":{"line":27,"column":6},"end":{"line":27,"column":54}},"32":{"start":{"line":0,"column":0},"end":{"line":0,"column":0},"skip":true},"33":{"start":{"line":0,"column":0},"end":{"line":0,"column":0},"skip":true},"34":{"start":{"line":28,"column":6},"end":{"line":28,"column":19}},"35":{"start":{"line":0,"column":0},"end":{"line":0,"column":0},"skip":true},"36":{"start":{"line":0,"column":0},"end":{"line":0,"column":0},"skip":true},"37":{"start":{"line":32,"column":0},"end":{"line":42,"column":1}},"38":{"start":{"line":0,"column":0},"end":{"line":0,"column":0},"skip":true},"39":{"start":{"line":0,"column":0},"end":{"line":0,"column":0},"skip":true},"40":{"start":{"line":0,"column":0},"end":{"line":0,"column":0},"skip":true},"41":{"start":{"line":0,"column":0},"end":{"line":0,"column":0},"skip":true},"42":{"start":{"line":0,"column":0},"end":{"line":0,"column":0},"skip":true},"43":{"start":{"line":0,"column":0},"end":{"line":0,"column":0},"skip":true},"44":{"start":{"line":33,"column":6},"end":{"line":33,"column":14}},"45":{"start":{"line":0,"column":0},"end":{"line":0,"column":0},"skip":true},"46":{"start":{"line":0,"column":0},"end":{"line":0,"column":0},"skip":true},"47":{"start":{"line":0,"column":0},"end":{"line":0,"column":0},"skip":true},"48":{"start":{"line":35,"column":8},"end":{"line":35,"column":10}},"49":{"start":{"line":0,"column":0},"end":{"line":0,"column":0},"skip":true},"50":{"start":{"line":0,"column":0},"end":{"line":0,"column":0},"skip":true},"51":{"start":{"line":0,"column":0},"end":{"line":0,"column":0},"skip":true},"52":{"start":{"line":39,"column":4},"end":{"line":39,"column":27}},"53":{"start":{"line":0,"column":0},"end":{"line":0,"column":0},"skip":true},"54":{"start":{"line":44,"column":0},"end":{"line":61,"column":1}},"55":{"start":{"line":45,"column":2},"end":{"line":45,"column":45}},"56":{"start":{"line":46,"column":2},"end":{"line":59,"column":3}},"57":{"start":{"line":47,"column":4},"end":{"line":56,"column":5}},"58":{"start":{"line":49,"column":8},"end":{"line":49,"column":36}},"59":{"start":{"line":50,"column":8},"end":{"line":50,"column":14}},"60":{"start":{"line":52,"column":8},"end":{"line":52,"column":29}},"61":{"start":{"line":53,"column":8},"end":{"line":53,"column":14}},"62":{"start":{"line":55,"column":8},"end":{"line":55,"column":65}},"63":{"start":{"line":58,"column":4},"end":{"line":58,"column":35}},"64":{"start":{"line":60,"column":2},"end":{"line":60,"column":17}},"65":{"start":{"line":63,"column":0},"end":{"line":63,"column":26}},"66":{"start":{"line":64,"column":0},"end":{"line":64,"column":24}},"67":{"start":{"line":66,"column":0},"end":{"line":68,"column":1}},"68":{"start":{"line":0,"column":0},"end":{"line":0,"column":0},"skip":true},"69":{"start":{"line":0,"column":0},"end":{"line":0,"column":0},"skip":true},"70":{"start":{"line":0,"column":0},"end":{"line":0,"column":0},"skip":true},"71":{"start":{"line":0,"column":0},"end":{"line":0,"column":0},"skip":true},"72":{"start":{"line":0,"column":0},"end":{"line":0,"column":0},"skip":true},"73":{"start":{"line":0,"column":0},"end":{"line":0,"column":0},"skip":true},"74":{"start":{"line":0,"column":0},"end":{"line":0,"column":0},"skip":true},"75":{"start":{"line":0,"column":0},"end":{"line":0,"column":0},"skip":true},"76":{"start":{"line":0,"column":0},"end":{"line":0,"column":0},"skip":true}},"branchMap":{"1":{"line":8,"type":"cond-expr","locations":[{"start":{"line":0,"column":0},"end":{"line":0,"column":0},"skip":true},{"start":{"line":0,"column":0},"end":{"line":0,"column":0},"skip":true}]},"2":{"line":8,"type":"binary-expr","locations":[{"start":{"line":0,"column":0},"end":{"line":0,"column":0},"skip":true},{"start":{"line":0,"column":0},"end":{"line":0,"column":0},"skip":true}]},"3":{"line":35,"type":"switch","locations":[{"start":{"line":0,"column":0},"end":{"line":0,"column":0},"skip":true},{"start":{"line":0,"column":0},"end":{"line":0,"column":0},"skip":true},{"start":{"line":0,"column":0},"end":{"line":0,"column":0},"skip":true}]},"4":{"line":56,"type":"switch","locations":[{"start":{"line":0,"column":0},"end":{"line":0,"column":0},"skip":true},{"start":{"line":0,"column":0},"end":{"line":0,"column":0},"skip":true},{"start":{"line":0,"column":0},"end":{"line":0,"column":0},"skip":true},{"start":{"line":0,"column":0},"end":{"line":0,"column":0},"skip":true}]},"5":{"line":77,"type":"switch","locations":[{"start":{"line":0,"column":0},"end":{"line":0,"column":0},"skip":true},{"start":{"line":0,"column":0},"end":{"line":0,"column":0},"skip":true},{"start":{"line":0,"column":0},"end":{"line":0,"column":0},"skip":true},{"start":{"line":0,"column":0},"end":{"line":0,"column":0},"skip":true},{"start":{"line":0,"column":0},"end":{"line":0,"column":0},"skip":true},{"start":{"line":0,"column":0},"end":{"line":0,"column":0},"skip":true}]},"6":{"line":107,"type":"if","locations":[{"start":{"line":46,"column":2},"end":{"line":46,"column":2}},{"start":{"line":46,"column":2},"end":{"line":46,"column":2}}]},"7":{"line":108,"type":"switch","locations":[{"start":{"line":48,"column":6},"end":{"line":50,"column":14}},{"start":{"line":50,"column":14},"end":{"line":53,"column":14}},{"start":{"line":53,"column":14},"end":{"line":55,"column":65}}]},"8":{"line":129,"type":"switch","locations":[{"start":{"line":0,"column":0},"end":{"line":0,"column":0},"skip":true},{"start":{"line":0,"column":0},"end":{"line":0,"column":0},"skip":true},{"start":{"line":0,"column":0},"end":{"line":0,"column":0},"skip":true}]}}},"/Users/jonahss/Workspace/appium-support/lib/fs.js":{"path":"/Users/jonahss/Workspace/appium-support/lib/fs.js","s":{"1":1,"2":1,"3":5,"4":1,"5":1,"6":1,"7":1,"8":1,"9":1,"10":1,"11":1,"12":1,"13":1,"14":1,"15":13,"16":39,"17":49,"18":13,"19":13,"20":13,"21":10,"22":10,"23":3,"24":3,"25":3,"26":10,"27":13,"28":10,"29":9,"30":9,"31":19,"32":27,"33":9,"34":9,"35":9,"36":9,"37":7,"38":7,"39":2,"40":2,"41":2,"42":1,"43":1,"44":1,"45":9,"46":1,"47":3,"48":3,"49":1,"50":1,"51":1,"52":1,"53":1,"54":1,"55":1,"56":1,"57":1,"58":1,"59":1,"60":12,"61":12,"62":0,"63":0,"64":1,"65":1,"66":0,"67":1,"68":0,"69":1,"70":1},"b":{"1":[0,5],"2":[5,5],"3":[13,10,3,10,0,13],"4":[9,7,2,8,9],"5":[1,1],"6":[2,2],"7":[1,1,0,1],"8":[0,1],"9":[1,0],"10":[0,1]},"f":{"1":5,"2":13,"3":39,"4":10,"5":9,"6":19,"7":1,"8":3},"fnMap":{"1":{"line":7,"loc":{"start":{"line":0,"column":0},"end":{"line":0,"column":0}},"name":"_interopRequireDefault","skip":true},"2":{"line":30,"loc":{"start":{"line":8,"column":13},"end":{"line":8,"column":33}},"name":"hasAccess"},"3":{"line":31,"loc":{"start":{"line":0,"column":0},"end":{"line":0,"column":0}},"name":"hasAccess$","skip":true},"4":{"line":56,"loc":{"start":{"line":16,"column":10},"end":{"line":16,"column":26}},"name":"exists"},"5":{"line":60,"loc":{"start":{"line":18,"column":9},"end":{"line":18,"column":32}},"name":"mkdir"},"6":{"line":63,"loc":{"start":{"line":0,"column":0},"end":{"line":0,"column":0}},"name":"mkdir$","skip":true},"7":{"line":93,"loc":{"start":{"line":29,"column":7},"end":{"line":29,"column":31}},"name":"md5"},"8":{"line":94,"loc":{"start":{"line":0,"column":0},"end":{"line":0,"column":0}},"name":"md5$","skip":true}},"statementMap":{"1":{"start":{"line":0,"column":0},"end":{"line":0,"column":0},"skip":true},"2":{"start":{"line":0,"column":0},"end":{"line":0,"column":0},"skip":true},"3":{"start":{"line":0,"column":0},"end":{"line":0,"column":0},"skip":true},"4":{"start":{"line":0,"column":0},"end":{"line":0,"column":0},"skip":true},"5":{"start":{"line":0,"column":0},"end":{"line":0,"column":0},"skip":true},"6":{"start":{"line":0,"column":0},"end":{"line":0,"column":0},"skip":true},"7":{"start":{"line":0,"column":0},"end":{"line":0,"column":0},"skip":true},"8":{"start":{"line":0,"column":0},"end":{"line":0,"column":0},"skip":true},"9":{"start":{"line":0,"column":0},"end":{"line":0,"column":0},"skip":true},"10":{"start":{"line":0,"column":0},"end":{"line":0,"column":0},"skip":true},"11":{"start":{"line":0,"column":0},"end":{"line":0,"column":0},"skip":true},"12":{"start":{"line":0,"column":0},"end":{"line":0,"column":0},"skip":true},"13":{"start":{"line":0,"column":0},"end":{"line":0,"column":0},"skip":true},"14":{"start":{"line":7,"column":0},"end":{"line":32,"column":2}},"15":{"start":{"line":0,"column":0},"end":{"line":0,"column":0},"skip":true},"16":{"start":{"line":0,"column":0},"end":{"line":0,"column":0},"skip":true},"17":{"start":{"line":0,"column":0},"end":{"line":0,"column":0},"skip":true},"18":{"start":{"line":0,"column":0},"end":{"line":0,"column":0},"skip":true},"19":{"start":{"line":0,"column":0},"end":{"line":0,"column":0},"skip":true},"20":{"start":{"line":0,"column":0},"end":{"line":0,"column":0},"skip":true},"21":{"start":{"line":0,"column":0},"end":{"line":0,"column":0},"skip":true},"22":{"start":{"line":0,"column":0},"end":{"line":0,"column":0},"skip":true},"23":{"start":{"line":0,"column":0},"end":{"line":0,"column":0},"skip":true},"24":{"start":{"line":0,"column":0},"end":{"line":0,"column":0},"skip":true},"25":{"start":{"line":0,"column":0},"end":{"line":0,"column":0},"skip":true},"26":{"start":{"line":0,"column":0},"end":{"line":0,"column":0},"skip":true},"27":{"start":{"line":0,"column":0},"end":{"line":0,"column":0},"skip":true},"28":{"start":{"line":16,"column":28},"end":{"line":16,"column":56}},"29":{"start":{"line":0,"column":0},"end":{"line":0,"column":0},"skip":true},"30":{"start":{"line":0,"column":0},"end":{"line":0,"column":0},"skip":true},"31":{"start":{"line":0,"column":0},"end":{"line":0,"column":0},"skip":true},"32":{"start":{"line":0,"column":0},"end":{"line":0,"column":0},"skip":true},"33":{"start":{"line":19,"column":8},"end":{"line":19,"column":39}},"34":{"start":{"line":0,"column":0},"end":{"line":0,"column":0},"skip":true},"35":{"start":{"line":0,"column":0},"end":{"line":0,"column":0},"skip":true},"36":{"start":{"line":0,"column":0},"end":{"line":0,"column":0},"skip":true},"37":{"start":{"line":0,"column":0},"end":{"line":0,"column":0},"skip":true},"38":{"start":{"line":0,"column":0},"end":{"line":0,"column":0},"skip":true},"39":{"start":{"line":0,"column":0},"end":{"line":0,"column":0},"skip":true},"40":{"start":{"line":0,"column":0},"end":{"line":0,"column":0},"skip":true},"41":{"start":{"line":0,"column":0},"end":{"line":0,"column":0},"skip":true},"42":{"start":{"line":0,"column":0},"end":{"line":0,"column":0},"skip":true},"43":{"start":{"line":0,"column":0},"end":{"line":0,"column":0},"skip":true},"44":{"start":{"line":0,"column":0},"end":{"line":0,"column":0},"skip":true},"45":{"start":{"line":0,"column":0},"end":{"line":0,"column":0},"skip":true},"46":{"start":{"line":0,"column":0},"end":{"line":0,"column":0},"skip":true},"47":{"start":{"line":0,"column":0},"end":{"line":0,"column":0},"skip":true},"48":{"start":{"line":0,"column":0},"end":{"line":0,"column":0},"skip":true},"49":{"start":{"line":0,"column":0},"end":{"line":0,"column":0},"skip":true},"50":{"start":{"line":0,"column":0},"end":{"line":0,"column":0},"skip":true},"51":{"start":{"line":0,"column":0},"end":{"line":0,"column":0},"skip":true},"52":{"start":{"line":0,"column":0},"end":{"line":0,"column":0},"skip":true},"53":{"start":{"line":0,"column":0},"end":{"line":0,"column":0},"skip":true},"54":{"start":{"line":34,"column":0},"end":{"line":35,"column":86}},"55":{"start":{"line":0,"column":0},"end":{"line":0,"column":0},"skip":true},"56":{"start":{"line":0,"column":0},"end":{"line":0,"column":0},"skip":true},"57":{"start":{"line":0,"column":0},"end":{"line":0,"column":0},"skip":true},"58":{"start":{"line":0,"column":0},"end":{"line":0,"column":0},"skip":true},"59":{"start":{"line":37,"column":0},"end":{"line":39,"column":1}},"60":{"start":{"line":0,"column":0},"end":{"line":0,"column":0},"skip":true},"61":{"start":{"line":38,"column":2},"end":{"line":38,"column":30}},"62":{"start":{"line":0,"column":0},"end":{"line":0,"column":0},"skip":true},"63":{"start":{"line":0,"column":0},"end":{"line":0,"column":0},"skip":true},"64":{"start":{"line":0,"column":0},"end":{"line":0,"column":0},"skip":true},"65":{"start":{"line":0,"column":0},"end":{"line":0,"column":0},"skip":true},"66":{"start":{"line":0,"column":0},"end":{"line":0,"column":0},"skip":true},"67":{"start":{"line":0,"column":0},"end":{"line":0,"column":0},"skip":true},"68":{"start":{"line":0,"column":0},"end":{"line":0,"column":0},"skip":true},"69":{"start":{"line":0,"column":0},"end":{"line":0,"column":0},"skip":true},"70":{"start":{"line":0,"column":0},"end":{"line":0,"column":0},"skip":true}},"branchMap":{"1":{"line":7,"type":"cond-expr","locations":[{"start":{"line":0,"column":0},"end":{"line":0,"column":0},"skip":true},{"start":{"line":0,"column":0},"end":{"line":0,"column":0},"skip":true}]},"2":{"line":7,"type":"binary-expr","locations":[{"start":{"line":0,"column":0},"end":{"line":0,"column":0},"skip":true},{"start":{"line":0,"column":0},"end":{"line":0,"column":0},"skip":true}]},"3":{"line":32,"type":"switch","locations":[{"start":{"line":0,"column":0},"end":{"line":0,"column":0},"skip":true},{"start":{"line":0,"column":0},"end":{"line":0,"column":0},"skip":true},{"start":{"line":0,"column":0},"end":{"line":0,"column":0},"skip":true},{"start":{"line":0,"column":0},"end":{"line":0,"column":0},"skip":true},{"start":{"line":0,"column":0},"end":{"line":0,"column":0},"skip":true},{"start":{"line":0,"column":0},"end":{"line":0,"column":0},"skip":true}]},"4":{"line":64,"type":"switch","locations":[{"start":{"line":0,"column":0},"end":{"line":0,"column":0},"skip":true},{"start":{"line":0,"column":0},"end":{"line":0,"column":0},"skip":true},{"start":{"line":0,"column":0},"end":{"line":0,"column":0},"skip":true},{"start":{"line":0,"column":0},"end":{"line":0,"column":0},"skip":true},{"start":{"line":0,"column":0},"end":{"line":0,"column":0},"skip":true}]},"5":{"line":79,"type":"if","locations":[{"start":{"line":0,"column":0},"end":{"line":0,"column":0},"skip":true},{"start":{"line":0,"column":0},"end":{"line":0,"column":0},"skip":true}]},"6":{"line":79,"type":"binary-expr","locations":[{"start":{"line":23,"column":10},"end":{"line":23,"column":10}},{"start":{"line":23,"column":17},"end":{"line":23,"column":38}}]},"7":{"line":95,"type":"switch","locations":[{"start":{"line":0,"column":0},"end":{"line":0,"column":0},"skip":true},{"start":{"line":0,"column":0},"end":{"line":0,"column":0},"skip":true},{"start":{"line":0,"column":0},"end":{"line":0,"column":0},"skip":true},{"start":{"line":0,"column":0},"end":{"line":0,"column":0},"skip":true}]},"8":{"line":129,"type":"if","locations":[{"start":{"line":0,"column":0},"end":{"line":0,"column":0},"skip":true},{"start":{"line":0,"column":0},"end":{"line":0,"column":0},"skip":true}]},"9":{"line":129,"type":"binary-expr","locations":[{"start":{"line":0,"column":0},"end":{"line":0,"column":0},"skip":true},{"start":{"line":0,"column":0},"end":{"line":0,"column":0},"skip":true}]},"10":{"line":133,"type":"if","locations":[{"start":{"line":0,"column":0},"end":{"line":0,"column":0},"skip":true},{"start":{"line":0,"column":0},"end":{"line":0,"column":0},"skip":true}]}}},"/Users/jonahss/Workspace/appium-support/lib/logger.js":{"path":"/Users/jonahss/Workspace/appium-support/lib/logger.js","s":{"1":1,"2":1,"3":1,"4":1,"5":1},"b":{},"f":{},"fnMap":{},"statementMap":{"1":{"start":{"line":0,"column":0},"end":{"line":0,"column":0},"skip":true},"2":{"start":{"line":0,"column":0},"end":{"line":0,"column":0},"skip":true},"3":{"start":{"line":3,"column":0},"end":{"line":3,"column":31}},"4":{"start":{"line":0,"column":0},"end":{"line":0,"column":0},"skip":true},"5":{"start":{"line":0,"column":0},"end":{"line":0,"column":0},"skip":true}},"branchMap":{}},"/Users/jonahss/Workspace/appium-support/lib/system.js":{"path":"/Users/jonahss/Workspace/appium-support/lib/system.js","s":{"1":1,"2":1,"3":1,"4":1,"5":1,"6":1,"7":1,"8":9,"9":1,"10":9,"11":1,"12":6,"13":1,"14":0,"15":1,"16":5,"17":5,"18":13,"19":15,"20":5,"21":2,"22":2,"23":3,"24":3,"25":3,"26":3,"27":3,"28":2,"29":0,"30":0,"31":2,"32":2,"33":5,"34":1,"35":1,"36":1,"37":1,"38":1},"b":{"1":[0,1],"2":[1,1],"3":[6,4],"4":[0,0],"5":[5,3,2,0,5],"6":[2,3],"7":[5,4],"8":[1,2],"9":[0,2],"10":[1,1]},"f":{"1":1,"2":9,"3":9,"4":6,"5":0,"6":5,"7":13},"fnMap":{"1":{"line":7,"loc":{"start":{"line":0,"column":0},"end":{"line":0,"column":0}},"name":"_interopRequireDefault","skip":true},"2":{"line":15,"loc":{"start":{"line":4,"column":0},"end":{"line":4,"column":22}},"name":"isWindows"},"3":{"line":19,"loc":{"start":{"line":8,"column":0},"end":{"line":8,"column":18}},"name":"isMac"},"4":{"line":23,"loc":{"start":{"line":12,"column":0},"end":{"line":12,"column":20}},"name":"isLinux"},"5":{"line":27,"loc":{"start":{"line":16,"column":0},"end":{"line":16,"column":21}},"name":"isOSWin64"},"6":{"line":31,"loc":{"start":{"line":20,"column":0},"end":{"line":20,"column":19}},"name":"arch"},"7":{"line":34,"loc":{"start":{"line":0,"column":0},"end":{"line":0,"column":0}},"name":"arch$","skip":true}},"statementMap":{"1":{"start":{"line":0,"column":0},"end":{"line":0,"column":0},"skip":true},"2":{"start":{"line":0,"column":0},"end":{"line":0,"column":0},"skip":true},"3":{"start":{"line":0,"column":0},"end":{"line":0,"column":0},"skip":true},"4":{"start":{"line":0,"column":0},"end":{"line":0,"column":0},"skip":true},"5":{"start":{"line":0,"column":0},"end":{"line":0,"column":0},"skip":true},"6":{"start":{"line":0,"column":0},"end":{"line":0,"column":0},"skip":true},"7":{"start":{"line":4,"column":0},"end":{"line":6,"column":1}},"8":{"start":{"line":5,"column":2},"end":{"line":5,"column":36}},"9":{"start":{"line":8,"column":0},"end":{"line":10,"column":1}},"10":{"start":{"line":9,"column":2},"end":{"line":9,"column":32}},"11":{"start":{"line":12,"column":0},"end":{"line":14,"column":1}},"12":{"start":{"line":13,"column":2},"end":{"line":13,"column":34}},"13":{"start":{"line":16,"column":0},"end":{"line":18,"column":1}},"14":{"start":{"line":17,"column":2},"end":{"line":17,"column":88}},"15":{"start":{"line":20,"column":0},"end":{"line":28,"column":1}},"16":{"start":{"line":0,"column":0},"end":{"line":0,"column":0},"skip":true},"17":{"start":{"line":0,"column":0},"end":{"line":0,"column":0},"skip":true},"18":{"start":{"line":0,"column":0},"end":{"line":0,"column":0},"skip":true},"19":{"start":{"line":0,"column":0},"end":{"line":0,"column":0},"skip":true},"20":{"start":{"line":0,"column":0},"end":{"line":0,"column":0},"skip":true},"21":{"start":{"line":0,"column":0},"end":{"line":0,"column":0},"skip":true},"22":{"start":{"line":0,"column":0},"end":{"line":0,"column":0},"skip":true},"23":{"start":{"line":0,"column":0},"end":{"line":0,"column":0},"skip":true},"24":{"start":{"line":0,"column":0},"end":{"line":0,"column":0},"skip":true},"25":{"start":{"line":0,"column":0},"end":{"line":0,"column":0},"skip":true},"26":{"start":{"line":22,"column":9},"end":{"line":22,"column":15}},"27":{"start":{"line":0,"column":0},"end":{"line":0,"column":0},"skip":true},"28":{"start":{"line":0,"column":0},"end":{"line":0,"column":0},"skip":true},"29":{"start":{"line":0,"column":0},"end":{"line":0,"column":0},"skip":true},"30":{"start":{"line":0,"column":0},"end":{"line":0,"column":0},"skip":true},"31":{"start":{"line":25,"column":8},"end":{"line":25,"column":31}},"32":{"start":{"line":0,"column":0},"end":{"line":0,"column":0},"skip":true},"33":{"start":{"line":0,"column":0},"end":{"line":0,"column":0},"skip":true},"34":{"start":{"line":0,"column":0},"end":{"line":0,"column":0},"skip":true},"35":{"start":{"line":0,"column":0},"end":{"line":0,"column":0},"skip":true},"36":{"start":{"line":0,"column":0},"end":{"line":0,"column":0},"skip":true},"37":{"start":{"line":0,"column":0},"end":{"line":0,"column":0},"skip":true},"38":{"start":{"line":0,"column":0},"end":{"line":0,"column":0},"skip":true}},"branchMap":{"1":{"line":7,"type":"cond-expr","locations":[{"start":{"line":0,"column":0},"end":{"line":0,"column":0},"skip":true},{"start":{"line":0,"column":0},"end":{"line":0,"column":0},"skip":true}]},"2":{"line":7,"type":"binary-expr","locations":[{"start":{"line":0,"column":0},"end":{"line":0,"column":0},"skip":true},{"start":{"line":0,"column":0},"end":{"line":0,"column":0},"skip":true}]},"3":{"line":24,"type":"binary-expr","locations":[{"start":{"line":13,"column":9},"end":{"line":13,"column":21}},{"start":{"line":13,"column":25},"end":{"line":13,"column":33}}]},"4":{"line":28,"type":"binary-expr","locations":[{"start":{"line":17,"column":9},"end":{"line":17,"column":31}},{"start":{"line":17,"column":35},"end":{"line":17,"column":87}}]},"5":{"line":35,"type":"switch","locations":[{"start":{"line":0,"column":0},"end":{"line":0,"column":0},"skip":true},{"start":{"line":0,"column":0},"end":{"line":0,"column":0},"skip":true},{"start":{"line":0,"column":0},"end":{"line":0,"column":0},"skip":true},{"start":{"line":0,"column":0},"end":{"line":0,"column":0},"skip":true},{"start":{"line":0,"column":0},"end":{"line":0,"column":0},"skip":true}]},"6":{"line":37,"type":"if","locations":[{"start":{"line":0,"column":0},"end":{"line":0,"column":0},"skip":true},{"start":{"line":0,"column":0},"end":{"line":0,"column":0},"skip":true}]},"7":{"line":37,"type":"binary-expr","locations":[{"start":{"line":21,"column":6},"end":{"line":21,"column":15}},{"start":{"line":21,"column":19},"end":{"line":21,"column":26}}]},"8":{"line":48,"type":"cond-expr","locations":[{"start":{"line":23,"column":38},"end":{"line":23,"column":42}},{"start":{"line":23,"column":45},"end":{"line":23,"column":49}}]},"9":{"line":51,"type":"if","locations":[{"start":{"line":0,"column":0},"end":{"line":0,"column":0},"skip":true},{"start":{"line":0,"column":0},"end":{"line":0,"column":0},"skip":true}]},"10":{"line":57,"type":"cond-expr","locations":[{"start":{"line":26,"column":18},"end":{"line":26,"column":22}},{"start":{"line":26,"column":25},"end":{"line":26,"column":29}}]}}},"/Users/jonahss/Workspace/appium-support/lib/util.js":{"path":"/Users/jonahss/Workspace/appium-support/lib/util.js","s":{"1":1,"2":1,"3":1,"4":4,"5":1,"6":1,"7":1,"8":1,"9":1,"10":1,"11":1,"12":1,"13":1,"14":9,"15":1,"16":9,"17":9,"18":2,"19":7,"20":9,"21":1,"22":3,"23":1,"24":0,"25":0,"26":0,"27":0,"28":0,"29":0,"30":0,"31":0,"32":0,"33":1,"34":0,"35":0,"36":0,"37":1,"38":2,"39":2,"40":2,"41":1,"42":1,"43":1,"44":1,"45":0,"46":0,"47":0,"48":0,"49":1,"50":1,"51":1,"52":1,"53":1,"54":1},"b":{"1":[0,4],"2":[4,4],"3":[9,2],"4":[2,7],"5":[7,6],"6":[0,0],"7":[0,0],"8":[0,0],"9":[0,0]},"f":{"1":4,"2":9,"3":9,"4":3,"5":0,"6":0,"7":0,"8":2,"9":2,"10":1,"11":1,"12":0,"13":0},"fnMap":{"1":{"line":8,"loc":{"start":{"line":0,"column":0},"end":{"line":0,"column":0}},"name":"_interopRequireDefault","skip":true},"2":{"line":26,"loc":{"start":{"line":6,"column":7},"end":{"line":6,"column":33}},"name":"hasContent"},"3":{"line":31,"loc":{"start":{"line":11,"column":0},"end":{"line":11,"column":24}},"name":"hasValue"},"4":{"line":44,"loc":{"start":{"line":24,"column":0},"end":{"line":24,"column":27}},"name":"escapeSpace"},"5":{"line":48,"loc":{"start":{"line":28,"column":0},"end":{"line":28,"column":47}},"name":"escapeSpecialChars"},"6":{"line":63,"loc":{"start":{"line":52,"column":0},"end":{"line":52,"column":20}},"name":"localIp"},"7":{"line":64,"loc":{"start":{"line":56,"column":12},"end":{"line":56,"column":27}},"name":"(anonymous_7)"},"8":{"line":74,"loc":{"start":{"line":69,"column":0},"end":{"line":69,"column":31}},"name":"cancellableDelay"},"9":{"line":76,"loc":{"start":{"line":71,"column":23},"end":{"line":71,"column":36}},"name":"(anonymous_9)"},"10":{"line":77,"loc":{"start":{"line":72,"column":23},"end":{"line":72,"column":34}},"name":"(anonymous_10)"},"11":{"line":80,"loc":{"start":{"line":77,"column":30},"end":{"line":77,"column":39}},"name":"(anonymous_11)"},"12":{"line":86,"loc":{"start":{"line":83,"column":0},"end":{"line":83,"column":39}},"name":"multiResolve"},"13":{"line":91,"loc":{"start":{"line":84,"column":19},"end":{"line":84,"column":29}},"name":"(anonymous_13)"}},"statementMap":{"1":{"start":{"line":0,"column":0},"end":{"line":0,"column":0},"skip":true},"2":{"start":{"line":0,"column":0},"end":{"line":0,"column":0},"skip":true},"3":{"start":{"line":0,"column":0},"end":{"line":0,"column":0},"skip":true},"4":{"start":{"line":0,"column":0},"end":{"line":0,"column":0},"skip":true},"5":{"start":{"line":0,"column":0},"end":{"line":0,"column":0},"skip":true},"6":{"start":{"line":0,"column":0},"end":{"line":0,"column":0},"skip":true},"7":{"start":{"line":0,"column":0},"end":{"line":0,"column":0},"skip":true},"8":{"start":{"line":0,"column":0},"end":{"line":0,"column":0},"skip":true},"9":{"start":{"line":0,"column":0},"end":{"line":0,"column":0},"skip":true},"10":{"start":{"line":0,"column":0},"end":{"line":0,"column":0},"skip":true},"11":{"start":{"line":0,"column":0},"end":{"line":0,"column":0},"skip":true},"12":{"start":{"line":0,"column":0},"end":{"line":0,"column":0},"skip":true},"13":{"start":{"line":6,"column":7},"end":{"line":8,"column":1}},"14":{"start":{"line":7,"column":2},"end":{"line":7,"column":39}},"15":{"start":{"line":11,"column":0},"end":{"line":21,"column":1}},"16":{"start":{"line":12,"column":2},"end":{"line":12,"column":21}},"17":{"start":{"line":14,"column":2},"end":{"line":18,"column":3}},"18":{"start":{"line":15,"column":4},"end":{"line":15,"column":27}},"19":{"start":{"line":17,"column":4},"end":{"line":17,"column":51}},"20":{"start":{"line":20,"column":2},"end":{"line":20,"column":16}},"21":{"start":{"line":24,"column":0},"end":{"line":26,"column":1}},"22":{"start":{"line":25,"column":2},"end":{"line":25,"column":36}},"23":{"start":{"line":28,"column":0},"end":{"line":50,"column":1}},"24":{"start":{"line":29,"column":2},"end":{"line":31,"column":3}},"25":{"start":{"line":30,"column":4},"end":{"line":30,"column":15}},"26":{"start":{"line":32,"column":2},"end":{"line":34,"column":3}},"27":{"start":{"line":33,"column":4},"end":{"line":33,"column":24}},"28":{"start":{"line":35,"column":2},"end":{"line":44,"column":32}},"29":{"start":{"line":45,"column":2},"end":{"line":48,"column":3}},"30":{"start":{"line":46,"column":4},"end":{"line":46,"column":42}},"31":{"start":{"line":47,"column":4},"end":{"line":47,"column":46}},"32":{"start":{"line":49,"column":2},"end":{"line":49,"column":13}},"33":{"start":{"line":52,"column":0},"end":{"line":63,"column":1}},"34":{"start":{"line":53,"column":2},"end":{"line":61,"column":13}},"35":{"start":{"line":57,"column":6},"end":{"line":57,"column":63}},"36":{"start":{"line":62,"column":2},"end":{"line":62,"column":12}},"37":{"start":{"line":69,"column":0},"end":{"line":81,"column":1}},"38":{"start":{"line":70,"column":2},"end":{"line":70,"column":12}},"39":{"start":{"line":71,"column":2},"end":{"line":80,"column":5}},"40":{"start":{"line":72,"column":4},"end":{"line":74,"column":11}},"41":{"start":{"line":73,"column":6},"end":{"line":73,"column":16}},"42":{"start":{"line":78,"column":4},"end":{"line":78,"column":24}},"43":{"start":{"line":79,"column":4},"end":{"line":79,"column":14}},"44":{"start":{"line":83,"column":0},"end":{"line":87,"column":1}},"45":{"start":{"line":0,"column":0},"end":{"line":0,"column":0},"skip":true},"46":{"start":{"line":83,"column":33},"end":{"line":83,"column":37}},"47":{"start":{"line":84,"column":2},"end":{"line":86,"column":5}},"48":{"start":{"line":85,"column":4},"end":{"line":85,"column":39}},"49":{"start":{"line":0,"column":0},"end":{"line":0,"column":0},"skip":true},"50":{"start":{"line":0,"column":0},"end":{"line":0,"column":0},"skip":true},"51":{"start":{"line":0,"column":0},"end":{"line":0,"column":0},"skip":true},"52":{"start":{"line":0,"column":0},"end":{"line":0,"column":0},"skip":true},"53":{"start":{"line":0,"column":0},"end":{"line":0,"column":0},"skip":true},"54":{"start":{"line":0,"column":0},"end":{"line":0,"column":0},"skip":true}},"branchMap":{"1":{"line":8,"type":"cond-expr","locations":[{"start":{"line":0,"column":0},"end":{"line":0,"column":0},"skip":true},{"start":{"line":0,"column":0},"end":{"line":0,"column":0},"skip":true}]},"2":{"line":8,"type":"binary-expr","locations":[{"start":{"line":0,"column":0},"end":{"line":0,"column":0},"skip":true},{"start":{"line":0,"column":0},"end":{"line":0,"column":0},"skip":true}]},"3":{"line":27,"type":"binary-expr","locations":[{"start":{"line":7,"column":9},"end":{"line":7,"column":24}},{"start":{"line":7,"column":28},"end":{"line":7,"column":38}}]},"4":{"line":34,"type":"if","locations":[{"start":{"line":14,"column":2},"end":{"line":14,"column":2}},{"start":{"line":14,"column":2},"end":{"line":14,"column":2}}]},"5":{"line":37,"type":"binary-expr","locations":[{"start":{"line":17,"column":13},"end":{"line":17,"column":32}},{"start":{"line":17,"column":36},"end":{"line":17,"column":50}}]},"6":{"line":49,"type":"if","locations":[{"start":{"line":29,"column":2},"end":{"line":29,"column":2}},{"start":{"line":29,"column":2},"end":{"line":29,"column":2}}]},"7":{"line":52,"type":"if","locations":[{"start":{"line":32,"column":2},"end":{"line":32,"column":2}},{"start":{"line":32,"column":2},"end":{"line":32,"column":2}}]},"8":{"line":56,"type":"if","locations":[{"start":{"line":45,"column":2},"end":{"line":45,"column":2}},{"start":{"line":45,"column":2},"end":{"line":45,"column":2}}]},"9":{"line":65,"type":"binary-expr","locations":[{"start":{"line":57,"column":14},"end":{"line":57,"column":35}},{"start":{"line":57,"column":39},"end":{"line":57,"column":61}}]}}},"/Users/jonahss/Workspace/appium-support/lib/plist.js":{"path":"/Users/jonahss/Workspace/appium-support/lib/plist.js","s":{"1":1,"2":1,"3":7,"4":1,"5":1,"6":1,"7":1,"8":1,"9":1,"10":1,"11":1,"12":1,"13":1,"14":1,"15":1,"16":1,"17":1,"18":1,"19":1,"20":0,"21":0,"22":0,"23":0,"24":0,"25":0,"26":0,"27":0,"28":0,"29":1,"30":3,"31":3,"32":9,"33":12,"34":3,"35":3,"36":3,"37":3,"38":3,"39":3,"40":3,"41":3,"42":0,"43":0,"44":0,"45":0,"46":0,"47":0,"48":0,"49":0,"50":0,"51":0,"52":0,"53":0,"54":0,"55":0,"56":0,"57":3,"58":0,"59":0,"60":3,"61":3,"62":0,"63":3,"64":1,"65":1,"66":1,"67":1,"68":3,"69":5,"70":1,"71":1,"72":1,"73":1,"74":1,"75":1,"76":1,"77":1,"78":0,"79":0,"80":0,"81":1,"82":1,"83":1,"84":1,"85":1,"86":1,"87":1,"88":0,"89":0,"90":0,"91":1,"92":1,"93":1,"94":1},"b":{"1":[0,7],"2":[7,7],"3":[0,0,0,0],"4":[3,3,0,0,0,0,3,0,0,3],"5":[0,3],"6":[0,1],"7":[1,1],"8":[1,1,0,1,1,0,1,1,1],"9":[1,0]},"f":{"1":7,"2":0,"3":0,"4":3,"5":9,"6":1,"7":3},"fnMap":{"1":{"line":7,"loc":{"start":{"line":0,"column":0},"end":{"line":0,"column":0}},"name":"_interopRequireDefault","skip":true},"2":{"line":40,"loc":{"start":{"line":13,"column":0},"end":{"line":13,"column":47}},"name":"parseXmlPlistFile"},"3":{"line":42,"loc":{"start":{"line":0,"column":0},"end":{"line":0,"column":0}},"name":"parseXmlPlistFile$","skip":true},"4":{"line":59,"loc":{"start":{"line":18,"column":0},"end":{"line":18,"column":36}},"name":"parsePlistFile"},"5":{"line":61,"loc":{"start":{"line":0,"column":0},"end":{"line":0,"column":0}},"name":"parsePlistFile$","skip":true},"6":{"line":119,"loc":{"start":{"line":42,"column":0},"end":{"line":42,"column":52}},"name":"updatePlistFile"},"7":{"line":122,"loc":{"start":{"line":0,"column":0},"end":{"line":0,"column":0}},"name":"updatePlistFile$","skip":true}},"statementMap":{"1":{"start":{"line":0,"column":0},"end":{"line":0,"column":0},"skip":true},"2":{"start":{"line":0,"column":0},"end":{"line":0,"column":0},"skip":true},"3":{"start":{"line":0,"column":0},"end":{"line":0,"column":0},"skip":true},"4":{"start":{"line":0,"column":0},"end":{"line":0,"column":0},"skip":true},"5":{"start":{"line":0,"column":0},"end":{"line":0,"column":0},"skip":true},"6":{"start":{"line":0,"column":0},"end":{"line":0,"column":0},"skip":true},"7":{"start":{"line":0,"column":0},"end":{"line":0,"column":0},"skip":true},"8":{"start":{"line":0,"column":0},"end":{"line":0,"column":0},"skip":true},"9":{"start":{"line":0,"column":0},"end":{"line":0,"column":0},"skip":true},"10":{"start":{"line":0,"column":0},"end":{"line":0,"column":0},"skip":true},"11":{"start":{"line":0,"column":0},"end":{"line":0,"column":0},"skip":true},"12":{"start":{"line":0,"column":0},"end":{"line":0,"column":0},"skip":true},"13":{"start":{"line":0,"column":0},"end":{"line":0,"column":0},"skip":true},"14":{"start":{"line":0,"column":0},"end":{"line":0,"column":0},"skip":true},"15":{"start":{"line":0,"column":0},"end":{"line":0,"column":0},"skip":true},"16":{"start":{"line":0,"column":0},"end":{"line":0,"column":0},"skip":true},"17":{"start":{"line":0,"column":0},"end":{"line":0,"column":0},"skip":true},"18":{"start":{"line":10,"column":0},"end":{"line":10,"column":51}},"19":{"start":{"line":13,"column":0},"end":{"line":16,"column":1}},"20":{"start":{"line":0,"column":0},"end":{"line":0,"column":0},"skip":true},"21":{"start":{"line":0,"column":0},"end":{"line":0,"column":0},"skip":true},"22":{"start":{"line":0,"column":0},"end":{"line":0,"column":0},"skip":true},"23":{"start":{"line":0,"column":0},"end":{"line":0,"column":0},"skip":true},"24":{"start":{"line":0,"column":0},"end":{"line":0,"column":0},"skip":true},"25":{"start":{"line":0,"column":0},"end":{"line":0,"column":0},"skip":true},"26":{"start":{"line":14,"column":6},"end":{"line":14,"column":16}},"27":{"start":{"line":0,"column":0},"end":{"line":0,"column":0},"skip":true},"28":{"start":{"line":0,"column":0},"end":{"line":0,"column":0},"skip":true},"29":{"start":{"line":18,"column":0},"end":{"line":40,"column":1}},"30":{"start":{"line":0,"column":0},"end":{"line":0,"column":0},"skip":true},"31":{"start":{"line":0,"column":0},"end":{"line":0,"column":0},"skip":true},"32":{"start":{"line":0,"column":0},"end":{"line":0,"column":0},"skip":true},"33":{"start":{"line":0,"column":0},"end":{"line":0,"column":0},"skip":true},"34":{"start":{"line":19,"column":2},"end":{"line":19,"column":57}},"35":{"start":{"line":20,"column":6},"end":{"line":20,"column":9}},"36":{"start":{"line":0,"column":0},"end":{"line":0,"column":0},"skip":true},"37":{"start":{"line":0,"column":0},"end":{"line":0,"column":0},"skip":true},"38":{"start":{"line":0,"column":0},"end":{"line":0,"column":0},"skip":true},"39":{"start":{"line":22,"column":4},"end":{"line":22,"column":7}},"40":{"start":{"line":0,"column":0},"end":{"line":0,"column":0},"skip":true},"41":{"start":{"line":0,"column":0},"end":{"line":0,"column":0},"skip":true},"42":{"start":{"line":0,"column":0},"end":{"line":0,"column":0},"skip":true},"43":{"start":{"line":0,"column":0},"end":{"line":0,"column":0},"skip":true},"44":{"start":{"line":24,"column":4},"end":{"line":24,"column":54}},"45":{"start":{"line":25,"column":4},"end":{"line":25,"column":57}},"46":{"start":{"line":0,"column":0},"end":{"line":0,"column":0},"skip":true},"47":{"start":{"line":0,"column":0},"end":{"line":0,"column":0},"skip":true},"48":{"start":{"line":0,"column":0},"end":{"line":0,"column":0},"skip":true},"49":{"start":{"line":27,"column":6},"end":{"line":27,"column":9}},"50":{"start":{"line":0,"column":0},"end":{"line":0,"column":0},"skip":true},"51":{"start":{"line":0,"column":0},"end":{"line":0,"column":0},"skip":true},"52":{"start":{"line":0,"column":0},"end":{"line":0,"column":0},"skip":true},"53":{"start":{"line":0,"column":0},"end":{"line":0,"column":0},"skip":true},"54":{"start":{"line":29,"column":6},"end":{"line":29,"column":77}},"55":{"start":{"line":31,"column":4},"end":{"line":31,"column":36}},"56":{"start":{"line":0,"column":0},"end":{"line":0,"column":0},"skip":true},"57":{"start":{"line":0,"column":0},"end":{"line":0,"column":0},"skip":true},"58":{"start":{"line":0,"column":0},"end":{"line":0,"column":0},"skip":true},"59":{"start":{"line":0,"column":0},"end":{"line":0,"column":0},"skip":true},"60":{"start":{"line":35,"column":4},"end":{"line":35,"column":45}},"61":{"start":{"line":0,"column":0},"end":{"line":0,"column":0},"skip":true},"62":{"start":{"line":0,"column":0},"end":{"line":0,"column":0},"skip":true},"63":{"start":{"line":0,"column":0},"end":{"line":0,"column":0},"skip":true},"64":{"start":{"line":42,"column":0},"end":{"line":58,"column":1}},"65":{"start":{"line":0,"column":0},"end":{"line":0,"column":0},"skip":true},"66":{"start":{"line":0,"column":0},"end":{"line":0,"column":0},"skip":true},"67":{"start":{"line":0,"column":0},"end":{"line":0,"column":0},"skip":true},"68":{"start":{"line":0,"column":0},"end":{"line":0,"column":0},"skip":true},"69":{"start":{"line":0,"column":0},"end":{"line":0,"column":0},"skip":true},"70":{"start":{"line":43,"column":2},"end":{"line":43,"column":57}},"71":{"start":{"line":44,"column":6},"end":{"line":44,"column":9}},"72":{"start":{"line":0,"column":0},"end":{"line":0,"column":0},"skip":true},"73":{"start":{"line":0,"column":0},"end":{"line":0,"column":0},"skip":true},"74":{"start":{"line":0,"column":0},"end":{"line":0,"column":0},"skip":true},"75":{"start":{"line":46,"column":4},"end":{"line":46,"column":7}},"76":{"start":{"line":0,"column":0},"end":{"line":0,"column":0},"skip":true},"77":{"start":{"line":0,"column":0},"end":{"line":0,"column":0},"skip":true},"78":{"start":{"line":0,"column":0},"end":{"line":0,"column":0},"skip":true},"79":{"start":{"line":0,"column":0},"end":{"line":0,"column":0},"skip":true},"80":{"start":{"line":48,"column":4},"end":{"line":48,"column":64}},"81":{"start":{"line":50,"column":2},"end":{"line":50,"column":31}},"82":{"start":{"line":51,"column":6},"end":{"line":51,"column":65}},"83":{"start":{"line":0,"column":0},"end":{"line":0,"column":0},"skip":true},"84":{"start":{"line":0,"column":0},"end":{"line":0,"column":0},"skip":true},"85":{"start":{"line":0,"column":0},"end":{"line":0,"column":0},"skip":true},"86":{"start":{"line":0,"column":0},"end":{"line":0,"column":0},"skip":true},"87":{"start":{"line":0,"column":0},"end":{"line":0,"column":0},"skip":true},"88":{"start":{"line":0,"column":0},"end":{"line":0,"column":0},"skip":true},"89":{"start":{"line":0,"column":0},"end":{"line":0,"column":0},"skip":true},"90":{"start":{"line":55,"column":4},"end":{"line":55,"column":62}},"91":{"start":{"line":57,"column":2},"end":{"line":57,"column":43}},"92":{"start":{"line":0,"column":0},"end":{"line":0,"column":0},"skip":true},"93":{"start":{"line":0,"column":0},"end":{"line":0,"column":0},"skip":true},"94":{"start":{"line":0,"column":0},"end":{"line":0,"column":0},"skip":true}},"branchMap":{"1":{"line":7,"type":"cond-expr","locations":[{"start":{"line":0,"column":0},"end":{"line":0,"column":0},"skip":true},{"start":{"line":0,"column":0},"end":{"line":0,"column":0},"skip":true}]},"2":{"line":7,"type":"binary-expr","locations":[{"start":{"line":0,"column":0},"end":{"line":0,"column":0},"skip":true},{"start":{"line":0,"column":0},"end":{"line":0,"column":0},"skip":true}]},"3":{"line":43,"type":"switch","locations":[{"start":{"line":0,"column":0},"end":{"line":0,"column":0},"skip":true},{"start":{"line":0,"column":0},"end":{"line":0,"column":0},"skip":true},{"start":{"line":0,"column":0},"end":{"line":0,"column":0},"skip":true},{"start":{"line":0,"column":0},"end":{"line":0,"column":0},"skip":true}]},"4":{"line":62,"type":"switch","locations":[{"start":{"line":0,"column":0},"end":{"line":0,"column":0},"skip":true},{"start":{"line":0,"column":0},"end":{"line":0,"column":0},"skip":true},{"start":{"line":0,"column":0},"end":{"line":0,"column":0},"skip":true},{"start":{"line":0,"column":0},"end":{"line":0,"column":0},"skip":true},{"start":{"line":0,"column":0},"end":{"line":0,"column":0},"skip":true},{"start":{"line":0,"column":0},"end":{"line":0,"column":0},"skip":true},{"start":{"line":0,"column":0},"end":{"line":0,"column":0},"skip":true},{"start":{"line":0,"column":0},"end":{"line":0,"column":0},"skip":true},{"start":{"line":0,"column":0},"end":{"line":0,"column":0},"skip":true},{"start":{"line":0,"column":0},"end":{"line":0,"column":0},"skip":true}]},"5":{"line":101,"type":"if","locations":[{"start":{"line":0,"column":0},"end":{"line":0,"column":0},"skip":true},{"start":{"line":0,"column":0},"end":{"line":0,"column":0},"skip":true}]},"6":{"line":120,"type":"cond-expr","locations":[{"start":{"line":42,"column":63},"end":{"line":42,"column":67}},{"start":{"line":42,"column":67},"end":{"line":42,"column":67}}]},"7":{"line":120,"type":"binary-expr","locations":[{"start":{"line":42,"column":60},"end":{"line":42,"column":60}},{"start":{"line":42,"column":60},"end":{"line":42,"column":60}}]},"8":{"line":123,"type":"switch","locations":[{"start":{"line":0,"column":0},"end":{"line":0,"column":0},"skip":true},{"start":{"line":0,"column":0},"end":{"line":0,"column":0},"skip":true},{"start":{"line":0,"column":0},"end":{"line":0,"column":0},"skip":true},{"start":{"line":0,"column":0},"end":{"line":0,"column":0},"skip":true},{"start":{"line":0,"column":0},"end":{"line":0,"column":0},"skip":true},{"start":{"line":0,"column":0},"end":{"line":0,"column":0},"skip":true},{"start":{"line":0,"column":0},"end":{"line":0,"column":0},"skip":true},{"start":{"line":0,"column":0},"end":{"line":0,"column":0},"skip":true},{"start":{"line":0,"column":0},"end":{"line":0,"column":0},"skip":true}]},"9":{"line":144,"type":"cond-expr","locations":[{"start":{"line":51,"column":26},"end":{"line":51,"column":43}},{"start":{"line":51,"column":46},"end":{"line":51,"column":65}}]}}},"/Users/jonahss/Workspace/appium-support/lib/mkdirp.js":{"path":"/Users/jonahss/Workspace/appium-support/lib/mkdirp.js","s":{"1":1,"2":1,"3":2,"4":1,"5":1,"6":1,"7":1,"8":1,"9":1},"b":{"1":[0,2],"2":[2,2]},"f":{"1":2},"fnMap":{"1":{"line":7,"loc":{"start":{"line":0,"column":0},"end":{"line":0,"column":0}},"name":"_interopRequireDefault","skip":true}},"statementMap":{"1":{"start":{"line":0,"column":0},"end":{"line":0,"column":0},"skip":true},"2":{"start":{"line":0,"column":0},"end":{"line":0,"column":0},"skip":true},"3":{"start":{"line":0,"column":0},"end":{"line":0,"column":0},"skip":true},"4":{"start":{"line":0,"column":0},"end":{"line":0,"column":0},"skip":true},"5":{"start":{"line":0,"column":0},"end":{"line":0,"column":0},"skip":true},"6":{"start":{"line":0,"column":0},"end":{"line":0,"column":0},"skip":true},"7":{"start":{"line":0,"column":0},"end":{"line":0,"column":0},"skip":true},"8":{"start":{"line":4,"column":0},"end":{"line":4,"column":41}},"9":{"start":{"line":0,"column":0},"end":{"line":0,"column":0},"skip":true}},"branchMap":{"1":{"line":7,"type":"cond-expr","locations":[{"start":{"line":0,"column":0},"end":{"line":0,"column":0},"skip":true},{"start":{"line":0,"column":0},"end":{"line":0,"column":0},"skip":true}]},"2":{"line":7,"type":"binary-expr","locations":[{"start":{"line":0,"column":0},"end":{"line":0,"column":0},"skip":true},{"start":{"line":0,"column":0},"end":{"line":0,"column":0},"skip":true}]}}}}