TN:
SF:/Users/jonahss/Workspace/appium-support/index.js
FN:7,_interopRequireDefault
FN:9,_interopRequireWildcard
FNF:2
FNH:2
FNDA:1,_interopRequireDefault
FNDA:4,_interopRequireWildcard
DA:0,4
LF:1
LH:1
BRDA:7,1,0,0
BRDA:7,1,1,1
BRDA:7,2,0,1
BRDA:7,2,1,1
BRDA:9,3,0,4
BRDA:9,3,1,0
BRDA:9,4,0,4
BRDA:9,4,1,4
BRDA:9,5,0,0
BRDA:9,5,1,0
BRDA:9,6,0,0
BRDA:9,6,1,0
BRF:12
BRH:12
end_of_record
TN:
SF:/Users/jonahss/Workspace/appium-support/lib/tempdir.js
FN:8,_interopRequireDefault
FN:32,tempDir
FN:34,tempDir$
FN:53,path
FN:55,path$
FN:74,open
FN:76,open$
FN:105,parseAffixes
FN:127,staticDir
FN:128,staticDir$
FNF:10
FNH:10
FNDA:5,_interopRequireDefault
FNDA:6,tempDir
FNDA:12,tempDir$
FNDA:2,path
FNDA:6,path$
FNDA:1,open
FNDA:4,open$
FNDA:2,parseAffixes
FNDA:2,staticDir
FNDA:4,staticDir$
DA:0,12
DA:8,1
DA:10,1
DA:11,6
DA:12,6
DA:20,6
DA:25,1
DA:26,2
DA:27,2
DA:28,2
DA:32,1
DA:33,1
DA:35,1
DA:39,0
DA:44,1
DA:45,2
DA:46,2
DA:47,2
DA:49,0
DA:50,0
DA:52,2
DA:53,2
DA:55,0
DA:58,0
DA:60,2
DA:63,1
DA:64,1
DA:66,1
LF:28
LH:23
BRDA:8,1,0,0
BRDA:8,1,1,5
BRDA:8,2,0,5
BRDA:8,2,1,5
BRDA:35,3,0,6
BRDA:35,3,1,0
BRDA:35,3,2,6
BRDA:56,4,0,2
BRDA:56,4,1,2
BRDA:56,4,2,0
BRDA:56,4,3,2
BRDA:77,5,0,1
BRDA:77,5,1,1
BRDA:77,5,2,1
BRDA:77,5,3,0
BRDA:77,5,4,0
BRDA:77,5,5,1
BRDA:107,6,0,2
BRDA:107,6,1,0
BRDA:108,7,0,0
BRDA:108,7,1,2
BRDA:108,7,2,0
BRDA:129,8,0,2
BRDA:129,8,1,0
BRDA:129,8,2,2
BRF:25
BRH:22
end_of_record
TN:
SF:/Users/jonahss/Workspace/appium-support/lib/fs.js
FN:7,_interopRequireDefault
FN:30,hasAccess
FN:31,hasAccess$
FN:56,exists
FN:60,mkdir
FN:63,mkdir$
FN:93,md5
FN:94,md5$
FNF:8
FNH:8
FNDA:5,_interopRequireDefault
FNDA:13,hasAccess
FNDA:39,hasAccess$
FNDA:10,exists
FNDA:9,mkdir
FNDA:19,mkdir$
FNDA:1,md5
FNDA:3,md5$
DA:0,49
DA:7,1
DA:16,10
DA:19,9
DA:34,1
DA:37,1
DA:38,12
LF:7
LH:7
BRDA:7,1,0,0
BRDA:7,1,1,5
BRDA:7,2,0,5
BRDA:7,2,1,5
BRDA:32,3,0,13
BRDA:32,3,1,10
BRDA:32,3,2,3
BRDA:32,3,3,10
BRDA:32,3,4,0
BRDA:32,3,5,13
BRDA:64,4,0,9
BRDA:64,4,1,7
BRDA:64,4,2,2
BRDA:64,4,3,8
BRDA:64,4,4,9
BRDA:79,5,0,1
BRDA:79,5,1,1
BRDA:79,6,0,2
BRDA:79,6,1,2
BRDA:95,7,0,1
BRDA:95,7,1,1
BRDA:95,7,2,0
BRDA:95,7,3,1
BRDA:129,8,0,0
BRDA:129,8,1,1
BRDA:129,9,0,1
BRDA:129,9,1,0
BRDA:133,10,0,0
BRDA:133,10,1,1
BRF:29
BRH:29
end_of_record
TN:
SF:/Users/jonahss/Workspace/appium-support/lib/logger.js
FNF:0
FNH:0
DA:0,1
DA:3,1
LF:2
LH:2
BRF:0
BRH:0
end_of_record
TN:
SF:/Users/jonahss/Workspace/appium-support/lib/system.js
FN:7,_interopRequireDefault
FN:15,isWindows
FN:19,isMac
FN:23,isLinux
FN:27,isOSWin64
FN:31,arch
FN:34,arch$
FNF:7
FNH:6
FNDA:1,_interopRequireDefault
FNDA:9,isWindows
FNDA:9,isMac
FNDA:6,isLinux
FNDA:0,isOSWin64
FNDA:5,arch
FNDA:13,arch$
DA:0,15
DA:4,1
DA:5,9
DA:8,1
DA:9,9
DA:12,1
DA:13,6
DA:16,1
DA:17,0
DA:20,1
DA:22,3
DA:25,2
LF:12
LH:11
BRDA:7,1,0,0
BRDA:7,1,1,1
BRDA:7,2,0,1
BRDA:7,2,1,1
BRDA:24,3,0,6
BRDA:24,3,1,4
BRDA:28,4,0,0
BRDA:28,4,1,0
BRDA:35,5,0,5
BRDA:35,5,1,3
BRDA:35,5,2,2
BRDA:35,5,3,0
BRDA:35,5,4,5
BRDA:37,6,0,2
BRDA:37,6,1,3
BRDA:37,7,0,5
BRDA:37,7,1,4
BRDA:48,8,0,1
BRDA:48,8,1,2
BRDA:51,9,0,0
BRDA:51,9,1,2
BRDA:57,10,0,1
BRDA:57,10,1,1
BRF:23
BRH:21
end_of_record
TN:
SF:/Users/jonahss/Workspace/appium-support/lib/util.js
FN:8,_interopRequireDefault
FN:26,hasContent
FN:31,hasValue
FN:44,escapeSpace
FN:48,escapeSpecialChars
FN:63,localIp
FN:64,(anonymous_7)
FN:74,cancellableDelay
FN:76,(anonymous_9)
FN:77,(anonymous_10)
FN:80,(anonymous_11)
FN:86,multiResolve
FN:91,(anonymous_13)
FNF:13
FNH:8
FNDA:4,_interopRequireDefault
FNDA:9,hasContent
FNDA:9,hasValue
FNDA:3,escapeSpace
FNDA:0,escapeSpecialChars
FNDA:0,localIp
FNDA:0,(anonymous_7)
FNDA:2,cancellableDelay
FNDA:2,(anonymous_9)
FNDA:1,(anonymous_10)
FNDA:1,(anonymous_11)
FNDA:0,multiResolve
FNDA:0,(anonymous_13)
DA:0,4
DA:6,1
DA:7,9
DA:11,1
DA:12,9
DA:14,9
DA:15,2
DA:17,7
DA:20,9
DA:24,1
DA:25,3
DA:28,1
DA:29,0
DA:30,0
DA:32,0
DA:33,0
DA:35,0
DA:45,0
DA:46,0
DA:47,0
DA:49,0
DA:52,1
DA:53,0
DA:57,0
DA:62,0
DA:69,1
DA:70,2
DA:71,2
DA:72,2
DA:73,1
DA:78,1
DA:79,1
DA:83,1
DA:84,0
DA:85,0
LF:35
LH:21
BRDA:8,1,0,0
BRDA:8,1,1,4
BRDA:8,2,0,4
BRDA:8,2,1,4
BRDA:27,3,0,9
BRDA:27,3,1,2
BRDA:34,4,0,2
BRDA:34,4,1,7
BRDA:37,5,0,7
BRDA:37,5,1,6
BRDA:49,6,0,0
BRDA:49,6,1,0
BRDA:52,7,0,0
BRDA:52,7,1,0
BRDA:56,8,0,0
BRDA:56,8,1,0
BRDA:65,9,0,0
BRDA:65,9,1,0
BRF:18
BRH:10
end_of_record
TN:
SF:/Users/jonahss/Workspace/appium-support/lib/plist.js
FN:7,_interopRequireDefault
FN:40,parseXmlPlistFile
FN:42,parseXmlPlistFile$
FN:59,parsePlistFile
FN:61,parsePlistFile$
FN:119,updatePlistFile
FN:122,updatePlistFile$
FNF:7
FNH:6
FNDA:7,_interopRequireDefault
FNDA:0,parseXmlPlistFile
FNDA:0,parseXmlPlistFile$
FNDA:3,parsePlistFile
FNDA:9,parsePlistFile$
FNDA:1,updatePlistFile
FNDA:3,updatePlistFile$
DA:0,12
DA:10,1
DA:13,1
DA:14,0
DA:18,1
DA:19,3
DA:20,3
DA:22,3
DA:24,0
DA:25,0
DA:27,0
DA:29,0
DA:31,0
DA:35,3
DA:42,1
DA:43,1
DA:44,1
DA:46,1
DA:48,0
DA:50,1
DA:51,1
DA:55,0
DA:57,1
LF:23
LH:15
BRDA:7,1,0,0
BRDA:7,1,1,7
BRDA:7,2,0,7
BRDA:7,2,1,7
BRDA:43,3,0,0
BRDA:43,3,1,0
BRDA:43,3,2,0
BRDA:43,3,3,0
BRDA:62,4,0,3
BRDA:62,4,1,3
BRDA:62,4,2,0
BRDA:62,4,3,0
BRDA:62,4,4,0
BRDA:62,4,5,0
BRDA:62,4,6,3
BRDA:62,4,7,0
BRDA:62,4,8,0
BRDA:62,4,9,3
BRDA:101,5,0,0
BRDA:101,5,1,3
BRDA:120,6,0,0
BRDA:120,6,1,1
BRDA:120,7,0,1
BRDA:120,7,1,1
BRDA:123,8,0,1
BRDA:123,8,1,1
BRDA:123,8,2,0
BRDA:123,8,3,1
BRDA:123,8,4,1
BRDA:123,8,5,0
BRDA:123,8,6,1
BRDA:123,8,7,1
BRDA:123,8,8,1
BRDA:144,9,0,1
BRDA:144,9,1,0
BRF:35
BRH:33
end_of_record
TN:
SF:/Users/jonahss/Workspace/appium-support/lib/mkdirp.js
FN:7,_interopRequireDefault
FNF:1
FNH:1
FNDA:2,_interopRequireDefault
DA:0,2
DA:4,1
LF:2
LH:2
BRDA:7,1,0,0
BRDA:7,1,1,2
BRDA:7,2,0,2
BRDA:7,2,1,2
BRF:4
BRH:4
end_of_record
